2023/05/22 12:16:00 [notice] 1#1: using the "epoll" event method
2023/05/22 12:16:00 [notice] 1#1: nginx/1.23.4
2023/05/22 12:16:00 [notice] 1#1: built by gcc 10.2.1 20210110 (Debian 10.2.1-6) 
2023/05/22 12:16:00 [notice] 1#1: OS: Linux 4.15.0-211-generic
2023/05/22 12:16:00 [notice] 1#1: getrlimit(RLIMIT_NOFILE): 1048576:1048576
2023/05/22 12:16:00 [notice] 1#1: start worker processes
2023/05/22 12:16:00 [notice] 1#1: start worker process 20
2023/05/22 12:16:00 [notice] 1#1: start worker process 21
2023/05/22 12:16:00 [notice] 1#1: start worker process 22
2023/05/22 12:16:00 [notice] 1#1: start worker process 23
2023/05/22 12:33:50 [notice] 1#1: signal 3 (SIGQUIT) received, shutting down
2023/05/22 12:33:50 [notice] 20#20: gracefully shutting down
2023/05/22 12:33:50 [notice] 20#20: exiting
2023/05/22 12:33:50 [notice] 23#23: gracefully shutting down
2023/05/22 12:33:50 [notice] 23#23: exiting
2023/05/22 12:33:50 [notice] 20#20: exit
2023/05/22 12:33:50 [notice] 22#22: gracefully shutting down
2023/05/22 12:33:50 [notice] 22#22: exiting
2023/05/22 12:33:50 [notice] 21#21: gracefully shutting down
2023/05/22 12:33:50 [notice] 21#21: exiting
2023/05/22 12:33:50 [notice] 21#21: exit
2023/05/22 12:33:50 [notice] 23#23: exit
2023/05/22 12:33:50 [notice] 22#22: exit
2023/05/22 12:33:50 [notice] 1#1: signal 17 (SIGCHLD) received from 20
2023/05/22 12:33:50 [notice] 1#1: worker process 20 exited with code 0
2023/05/22 12:33:50 [notice] 1#1: worker process 23 exited with code 0
2023/05/22 12:33:50 [notice] 1#1: signal 29 (SIGIO) received
2023/05/22 12:33:50 [notice] 1#1: signal 17 (SIGCHLD) received from 23
2023/05/22 12:33:50 [notice] 1#1: signal 17 (SIGCHLD) received from 22
2023/05/22 12:33:50 [notice] 1#1: worker process 21 exited with code 0
2023/05/22 12:33:50 [notice] 1#1: worker process 22 exited with code 0
2023/05/22 12:33:50 [notice] 1#1: exit
2023/05/22 12:40:48 [notice] 1#1: using the "epoll" event method
2023/05/22 12:40:48 [notice] 1#1: nginx/1.23.4
2023/05/22 12:40:48 [notice] 1#1: built by gcc 10.2.1 20210110 (Debian 10.2.1-6) 
2023/05/22 12:40:48 [notice] 1#1: OS: Linux 4.15.0-211-generic
2023/05/22 12:40:48 [notice] 1#1: getrlimit(RLIMIT_NOFILE): 1048576:1048576
2023/05/22 12:40:48 [notice] 1#1: start worker processes
2023/05/22 12:40:48 [notice] 1#1: start worker process 20
2023/05/22 12:40:48 [notice] 1#1: start worker process 21
2023/05/22 12:40:48 [notice] 1#1: start worker process 22
2023/05/22 12:40:48 [notice] 1#1: start worker process 23
2023/05/22 12:40:51 [notice] 1#1: signal 3 (SIGQUIT) received, shutting down
2023/05/22 12:40:51 [notice] 22#22: gracefully shutting down
2023/05/22 12:40:51 [notice] 22#22: exiting
2023/05/22 12:40:51 [notice] 22#22: exit
2023/05/22 12:40:51 [notice] 21#21: gracefully shutting down
2023/05/22 12:40:51 [notice] 21#21: exiting
2023/05/22 12:40:51 [notice] 21#21: exit
2023/05/22 12:40:51 [notice] 20#20: gracefully shutting down
2023/05/22 12:40:51 [notice] 20#20: exiting
2023/05/22 12:40:51 [notice] 23#23: gracefully shutting down
2023/05/22 12:40:51 [notice] 23#23: exiting
2023/05/22 12:40:51 [notice] 20#20: exit
2023/05/22 12:40:51 [notice] 23#23: exit
2023/05/22 12:40:51 [notice] 1#1: signal 17 (SIGCHLD) received from 22
2023/05/22 12:40:51 [notice] 1#1: worker process 22 exited with code 0
2023/05/22 12:40:51 [notice] 1#1: worker process 21 exited with code 0
2023/05/22 12:40:51 [notice] 1#1: worker process 23 exited with code 0
2023/05/22 12:40:51 [notice] 1#1: signal 29 (SIGIO) received
2023/05/22 12:40:51 [notice] 1#1: signal 17 (SIGCHLD) received from 21
2023/05/22 12:40:51 [notice] 1#1: signal 17 (SIGCHLD) received from 20
2023/05/22 12:40:51 [notice] 1#1: worker process 20 exited with code 0
2023/05/22 12:40:51 [notice] 1#1: exit
2023/05/22 12:42:23 [notice] 1#1: using the "epoll" event method
2023/05/22 12:42:23 [notice] 1#1: nginx/1.23.4
2023/05/22 12:42:23 [notice] 1#1: built by gcc 10.2.1 20210110 (Debian 10.2.1-6) 
2023/05/22 12:42:23 [notice] 1#1: OS: Linux 4.15.0-211-generic
2023/05/22 12:42:23 [notice] 1#1: getrlimit(RLIMIT_NOFILE): 1048576:1048576
2023/05/22 12:42:23 [notice] 1#1: start worker processes
2023/05/22 12:42:23 [notice] 1#1: start worker process 20
2023/05/22 12:42:23 [notice] 1#1: start worker process 21
2023/05/22 12:42:23 [notice] 1#1: start worker process 22
2023/05/22 12:42:23 [notice] 1#1: start worker process 23
2023/05/22 12:46:53 [notice] 1#1: signal 3 (SIGQUIT) received, shutting down
2023/05/22 12:46:53 [notice] 21#21: gracefully shutting down
2023/05/22 12:46:53 [notice] 22#22: gracefully shutting down
2023/05/22 12:46:53 [notice] 22#22: exiting
2023/05/22 12:46:53 [notice] 20#20: gracefully shutting down
2023/05/22 12:46:53 [notice] 20#20: exiting
2023/05/22 12:46:53 [notice] 23#23: gracefully shutting down
2023/05/22 12:46:53 [notice] 23#23: exiting
2023/05/22 12:46:53 [notice] 21#21: exiting
2023/05/22 12:46:53 [notice] 21#21: exit
2023/05/22 12:46:53 [notice] 22#22: exit
2023/05/22 12:46:53 [notice] 20#20: exit
2023/05/22 12:46:53 [notice] 23#23: exit
2023/05/22 12:46:53 [notice] 1#1: signal 17 (SIGCHLD) received from 23
2023/05/22 12:46:53 [notice] 1#1: worker process 23 exited with code 0
2023/05/22 12:46:53 [notice] 1#1: signal 29 (SIGIO) received
2023/05/22 12:46:53 [notice] 1#1: signal 17 (SIGCHLD) received from 22
2023/05/22 12:46:53 [notice] 1#1: worker process 22 exited with code 0
2023/05/22 12:46:53 [notice] 1#1: signal 29 (SIGIO) received
2023/05/22 12:46:53 [notice] 1#1: signal 17 (SIGCHLD) received from 21
2023/05/22 12:46:53 [notice] 1#1: worker process 20 exited with code 0
2023/05/22 12:46:53 [notice] 1#1: worker process 21 exited with code 0
2023/05/22 12:46:53 [notice] 1#1: exit
2023/05/22 12:47:28 [notice] 1#1: using the "epoll" event method
2023/05/22 12:47:28 [notice] 1#1: nginx/1.23.4
2023/05/22 12:47:28 [notice] 1#1: built by gcc 10.2.1 20210110 (Debian 10.2.1-6) 
2023/05/22 12:47:28 [notice] 1#1: OS: Linux 4.15.0-211-generic
2023/05/22 12:47:28 [notice] 1#1: getrlimit(RLIMIT_NOFILE): 1048576:1048576
2023/05/22 12:47:28 [notice] 1#1: start worker processes
2023/05/22 12:47:28 [notice] 1#1: start worker process 20
2023/05/22 12:47:28 [notice] 1#1: start worker process 21
2023/05/22 12:47:28 [notice] 1#1: start worker process 22
2023/05/22 12:47:28 [notice] 1#1: start worker process 23
2023/05/22 12:50:41 [notice] 1#1: signal 3 (SIGQUIT) received, shutting down
2023/05/22 12:50:41 [notice] 20#20: gracefully shutting down
2023/05/22 12:50:41 [notice] 21#21: gracefully shutting down
2023/05/22 12:50:41 [notice] 21#21: exiting
2023/05/22 12:50:41 [notice] 20#20: exiting
2023/05/22 12:50:41 [notice] 20#20: exit
2023/05/22 12:50:41 [notice] 23#23: gracefully shutting down
2023/05/22 12:50:41 [notice] 23#23: exiting
2023/05/22 12:50:41 [notice] 22#22: gracefully shutting down
2023/05/22 12:50:41 [notice] 21#21: exit
2023/05/22 12:50:41 [notice] 23#23: exit
2023/05/22 12:50:41 [notice] 22#22: exiting
2023/05/22 12:50:41 [notice] 22#22: exit
2023/05/22 12:50:41 [notice] 1#1: signal 17 (SIGCHLD) received from 20
2023/05/22 12:50:41 [notice] 1#1: worker process 20 exited with code 0
2023/05/22 12:50:41 [notice] 1#1: worker process 21 exited with code 0
2023/05/22 12:50:41 [notice] 1#1: worker process 23 exited with code 0
2023/05/22 12:50:41 [notice] 1#1: signal 29 (SIGIO) received
2023/05/22 12:50:41 [notice] 1#1: signal 17 (SIGCHLD) received from 23
2023/05/22 12:50:41 [notice] 1#1: signal 17 (SIGCHLD) received from 22
2023/05/22 12:50:41 [notice] 1#1: worker process 22 exited with code 0
2023/05/22 12:50:41 [notice] 1#1: exit
2023/05/22 12:51:20 [notice] 1#1: using the "epoll" event method
2023/05/22 12:51:20 [notice] 1#1: nginx/1.23.4
2023/05/22 12:51:20 [notice] 1#1: built by gcc 10.2.1 20210110 (Debian 10.2.1-6) 
2023/05/22 12:51:20 [notice] 1#1: OS: Linux 4.15.0-211-generic
2023/05/22 12:51:20 [notice] 1#1: getrlimit(RLIMIT_NOFILE): 1048576:1048576
